score
0.742188
0.255859
1.95313e-08
1.95313e-08
1.95313e-08
[
  {
    resulJson: [ [Object], [Object], [Object], [Object], [Object], [Object] ]
  }
]
score
0.742188
0.255859
1.95313e-08
1.95313e-08
1.95313e-08
[
  {
    resulJson: [ [Object], [Object], [Object], [Object], [Object], [Object] ]
  }
]
score
0.742188
0.255859
1.95313e-08
1.95313e-08
1.95313e-08
[
  {
    resulJson: [ [Object], [Object], [Object], [Object], [Object], [Object] ]
  }
]
score
0.447266
0.429688
0.0820313
0.0195313
0.00585939
[
  {
    resulJson: [ [Object], [Object], [Object], [Object], [Object], [Object] ]
  }
]
score
0.900391
0.0585938
0.0292969
0.00195314
1.95313e-08
[
  {
    resulJson: [ [Object], [Object], [Object], [Object], [Object], [Object] ]
  }
]
score
0.787109
0.210938
1.95313e-08
1.95313e-08
1.95313e-08
[
  {
    resulJson: [ [Object], [Object], [Object], [Object], [Object], [Object] ]
  }
]
score
0.347656
0.333984
0.128906
0.0683594
0.0507813
[
  {
    resulJson: [ [Object], [Object], [Object], [Object], [Object], [Object] ]
  }
]
score
0.787109
0.210938
1.95313e-08
1.95313e-08
1.95313e-08
[
  {
    resulJson: [ [Object], [Object], [Object], [Object], [Object], [Object] ]
  }
]
score
0.347656
0.333984
0.128906
0.0683594
0.0507813
[
  {
    resulJson: [ [Object], [Object], [Object], [Object], [Object], [Object] ]
  }
]
score
0.0
[ { resulJson: [ [Object], [Object] ] } ]
score
0.521484
0.429688
0.00781252
0.00390627
0.00195314
[
  {
    resulJson: [ [Object], [Object], [Object], [Object], [Object], [Object] ]
  }
]
score
0.521484
0.429688
0.00781252
0.00390627
0.00195314
[
  {
    resulJson: [ [Object], [Object], [Object], [Object], [Object], [Object] ]
  }
]
score
0.521484
0.429688
0.00781252
0.00390627
0.00195314
[{"resulJson":[{"diag":"Diagnostic","scores":"0"},{"diag":"K572 Diverticulose du côlon, avec perforation et abcès","scores":"52"},{"diag":"K573 Diverticulose du côlon, (sans perforation ni abcès)","scores":"42"},{"diag":"A090 Gastroentérites et colites d'origine infectieuse, autres et non précisées","scores":"0"},{"diag":"K353 Appendicite aigüe avec péritonite localisée","scores":"0"},{"diag":"K566 Occlusions intestinales, autres et sans précision","scores":"0"}]}]
score
0.521484
0.429688
0.00781252
0.00390627
0.00195314
{
  diag: 'K572 Diverticulose du côlon, avec perforation et abcès',
  scores: '52'
}
score
0.589844
0.347656
0.00781252
0.00585939
0.00585939
{
  diag: 'K573 Diverticulose du côlon, (sans perforation ni abcès)',
  scores: '58'
}
score
0.521484
0.429688
0.00781252
0.00390627
0.00195314
{
  data: [
    {
      diag: 'K572 Diverticulose du côlon, avec perforation et abcès',
      scores: '52'
    }
  ],
  file: [ '2_10_CRH TYPE.txt', null ]
}
score
0.353516
0.158203
0.121094
0.119141
0.0859375
{
  data: [
    {
      diag: 'K573 Diverticulose du côlon, (sans perforation ni abcès)',
      scores: '35'
    }
  ],
  file: [ '2_11_Ordonnance Vierge de Sortie.txt', null ]
}
score
0.521484
0.429688
0.00781252
0.00390627
0.00195314
2_10_CRH TYPE.txt
score
0.589844
0.347656
0.00781252
0.00585939
0.00585939
2_10_CRH TYPE.txt
score
0.589844
0.347656
0.00781252
0.00585939
0.00585939
[
  '2_10_CRH TYPE.txt',
  '2_11_Ordonnance Vierge de Sortie.txt',
  '2_12_Ordonnance Diverticule.txt',
  '2_13_codesActes.txt.txt',
  '2_14_diagnosticPrincipal.txt.txt',
  '2_15_diagnosticRelie.txt.txt',
  '2_16_diagnostiquesAssocies.txt.txt',
  null
]
score
0.589844
0.347656
0.00781252
0.00585939
0.00585939
score
0.521484
0.429688
0.00781252
0.00390627
0.00195314
score
0.521484
0.429688
0.00781252
0.00390627
0.00195314
{
  data: [
    {
      diag: 'K572 Diverticulose du côlon, avec perforation et abcès',
      scores: '52'
    }
  ],
  file: [ '2_10_CRH TYPE.txt', null ]
}
score
0.589844
0.347656
0.00781252
0.00585939
0.00585939
{
  data: [
    {
      diag: 'K573 Diverticulose du côlon, (sans perforation ni abcès)',
      scores: '58'
    }
  ],
  file: [
    '2_10_CRH TYPE.txt',
    '2_11_Ordonnance Vierge de Sortie.txt',
    '2_12_Ordonnance Diverticule.txt',
    '2_13_codesActes.txt.txt',
    '2_14_diagnosticPrincipal.txt.txt',
    '2_15_diagnosticRelie.txt.txt',
    '2_16_diagnostiquesAssocies.txt.txt',
    null
  ]
}
score
0.521484
0.429688
0.00781252
0.00390627
0.00195314
score
0.589844
0.347656
0.00781252
0.00585939
0.00585939
score
0.521484
0.429688
0.00781252
0.00390627
0.00195314
score
0.589844
0.347656
0.00781252
0.00585939
0.00585939
{
  data: [
    {
      diag: 'K573 Diverticulose du côlon, (sans perforation ni abcès)',
      scores: '58'
    }
  ],
  file: [
    '2_10_CRH TYPE.txt',
    '2_11_Ordonnance Vierge de Sortie.txt',
    '2_12_Ordonnance Diverticule.txt',
    '2_13_codesActes.txt.txt',
    '2_14_diagnosticPrincipal.txt.txt',
    '2_15_diagnosticRelie.txt.txt',
    '2_16_diagnostiquesAssocies.txt.txt',
    null
  ],
  timer: 1280
}
The CSV file was written successfully
The CSV file was written successfully
The CSV file was written successfully
score
0.521484
0.429688
0.00781252
0.00390627
0.00195314
The CSV file was written successfully
score
0.521484
0.429688
0.00781252
0.00390627
0.00195314
{
  data: [
    {
      diag: 'K572 Diverticulose du côlon, avec perforation et abcès',
      scores: '52'
    }
  ],
  file: [ '2_10_CRH TYPE.txt', null ],
  timer: 1384
}
score
0.521484
0.429688
0.00781252
0.00390627
0.00195314
score
0.589844
0.347656
0.00781252
0.00585939
0.00585939
score
0.589844
0.347656
0.00781252
0.00585939
0.00585939
{
  data: [
    {
      diag: 'K573 Diverticulose du côlon, (sans perforation ni abcès)',
      scores: '58'
    }
  ],
  file: [
    '2_10_CRH TYPE.txt',
    '2_11_Ordonnance Vierge de Sortie.txt',
    '2_12_Ordonnance Diverticule.txt',
    null
  ],
  timer: 1364
}



le 07/07/15




Madame CHOLET Monique	         
 le :   28/07/52  



EN ALD


PROPANOLOL 40 mg 		
					1 cp matin - ½ cp le soir
				

EFFEXOR 75 LP 			1 cp le soir au coucher 

Le reste du traitement  est inchangé 




Traitement pour 6 mois 







User Field c_titre = c_titre User Field c_prenom = c_prenom User Field c_nom = c_nom
Hidden ParagraphUser Field c_serv = c_serv
Hidden ParagraphUser Field c_ad1 = c_ad1
Hidden ParagraphUser Field c_ad2 = c_ad2
User Field c_code = c_code User Field c_ville = c_ville


Dammarie, le 07/07/15



 Madame CHOLET Monique,  le 28/07/52. Elle me décrit des sensations vertigineuses, des chutes sans prodrome. 
Vous avez fait réaliser un scanner cérébral qui serait normal (images non vues). Ce jour, sa tension artérielle est de 12/8 avec une fréquence cardiaque à 70/mn. Les céphalées sont beaucoup moins présentes. Elle peut rester plusieurs jours sans céphalée.
Je propose donc de diminuer le PROPANOLOL 40  mg 1 cp matin, ½ cp le soir, tout en conservant pour le moment, EFFEXOR 75 mg le soir. 
Je reverrai Madame CHOLET dans six mois. 





Docteur AISSANI Malika
score
0.375
0.1875
0.134766
0.0878906
0.0625
0.0507813
{
  data: [ { diag: 'None', scores: '37' } ],
  file: [
    'AISSANI_Malika_2015-07-07_Ordonnance_ttt_4210291.docx',
    'AISSANI_Malika_2015-07-08_Lettre_mdecin_4212145.docx',
    'diagnosticRelie.txt',
    'diagnostiquesAssocies.txt',
    'codesActes.txt',
    'diagnosticPrincipal.txt',
    null
  ],
  timer: 1651
}



le 07/07/15




Madame CHOLET Monique	         
 le :   28/07/52  



EN ALD


PROPANOLOL 40 mg 		
					1 cp matin - ½ cp le soir
				

EFFEXOR 75 LP 			1 cp le soir au coucher 

Le reste du traitement  est inchangé 




Traitement pour 6 mois 







score
0.5625
0.203125
0.113281
0.107422
0.00195314
{
  data: [ { diag: 'M161 Autres coxarthroses primaires', scores: '56' } ],
  file: [ 'AISSANI_Malika_2015-07-07_Ordonnance_ttt_4210291.docx', null ],
  timer: 1460
}



le 07/07/15




Madame CHOLET Monique	         
 le :   28/07/52  



EN ALD


PROPANOLOL 40 mg 		
					1 cp matin - ½ cp le soir
				

EFFEXOR 75 LP 			1 cp le soir au coucher 

Le reste du traitement  est inchangé 




Traitement pour 6 mois 







score
0.5625
0.203125
0.113281
0.107422
0.00195314
{
  data: [ { diag: 'coucou', score: '56' } ],
  file: [ 'AISSANI_Malika_2015-07-07_Ordonnance_ttt_4210291.docx', null ],
  timer: 1585
}



le 07/07/15




Madame CHOLET Monique	         
 le :   28/07/52  



EN ALD


PROPANOLOL 40 mg 		
					1 cp matin - ½ cp le soir
				

EFFEXOR 75 LP 			1 cp le soir au coucher 

Le reste du traitement  est inchangé 




Traitement pour 6 mois 







score
0.5625
0.203125
0.113281
0.107422
0.00195314



le 07/07/15




Madame CHOLET Monique	         
 le :   28/07/52  



EN ALD


PROPANOLOL 40 mg 		
					1 cp matin - ½ cp le soir
				

EFFEXOR 75 LP 			1 cp le soir au coucher 

Le reste du traitement  est inchangé 




Traitement pour 6 mois 







User Field c_titre = c_titre User Field c_prenom = c_prenom User Field c_nom = c_nom
Hidden ParagraphUser Field c_serv = c_serv
Hidden ParagraphUser Field c_ad1 = c_ad1
Hidden ParagraphUser Field c_ad2 = c_ad2
User Field c_code = c_code User Field c_ville = c_ville


Dammarie, le 07/07/15



 Madame CHOLET Monique,  le 28/07/52. Elle me décrit des sensations vertigineuses, des chutes sans prodrome. 
Vous avez fait réaliser un scanner cérébral qui serait normal (images non vues). Ce jour, sa tension artérielle est de 12/8 avec une fréquence cardiaque à 70/mn. Les céphalées sont beaucoup moins présentes. Elle peut rester plusieurs jours sans céphalée.
Je propose donc de diminuer le PROPANOLOL 40  mg 1 cp matin, ½ cp le soir, tout en conservant pour le moment, EFFEXOR 75 mg le soir. 
Je reverrai Madame CHOLET dans six mois. 





Docteur AISSANI Malika
score
0.375
0.1875
0.134766
0.0878906
0.0625
0.0507813
{
  data: [ { diag: 'None', scores: '37', checkModif: false } ],
  file: [
    'AISSANI_Malika_2015-07-07_Ordonnance_ttt_4210291.docx',
    'AISSANI_Malika_2015-07-08_Lettre_mdecin_4212145.docx',
    'diagnosticRelie.txt',
    'diagnostiquesAssocies.txt',
    'codesActes.txt',
    'diagnosticPrincipal.txt',
    null
  ],
  timer: 1956
}



le 07/07/15




Madame CHOLET Monique	         
 le :   28/07/52  



EN ALD


PROPANOLOL 40 mg 		
					1 cp matin - ½ cp le soir
				

EFFEXOR 75 LP 			1 cp le soir au coucher 

Le reste du traitement  est inchangé 




Traitement pour 6 mois 







score
0.5625
0.203125
0.113281
0.107422
0.00195314
{
  data: [ { diag: 'TEST', score: '56', checkModif: true } ],
  file: [ 'AISSANI_Malika_2015-07-07_Ordonnance_ttt_4210291.docx', null ],
  timer: 1438
}



le 07/07/15




Madame CHOLET Monique	         
 le :   28/07/52  



EN ALD


PROPANOLOL 40 mg 		
					1 cp matin - ½ cp le soir
				

EFFEXOR 75 LP 			1 cp le soir au coucher 

Le reste du traitement  est inchangé 




Traitement pour 6 mois 







score
0.5625
0.203125
0.113281
0.107422
0.00195314
{
  data: [
    {
      diag: 'M161 Autres coxarthroses primaires',
      scores: '56',
      checkModif: false
    }
  ],
  file: [ 'AISSANI_Malika_2015-07-07_Ordonnance_ttt_4210291.docx', null ],
  timer: 1342
}



le 07/07/15




Madame CHOLET Monique	         
 le :   28/07/52  



EN ALD


PROPANOLOL 40 mg 		
					1 cp matin - ½ cp le soir
				

EFFEXOR 75 LP 			1 cp le soir au coucher 

Le reste du traitement  est inchangé 




Traitement pour 6 mois 







score
0.5625
0.203125
0.113281
0.107422
0.00195314



le 07/07/15




Madame CHOLET Monique	         
 le :   28/07/52  



EN ALD


PROPANOLOL 40 mg 		
					1 cp matin - ½ cp le soir
				

EFFEXOR 75 LP 			1 cp le soir au coucher 

Le reste du traitement  est inchangé 




Traitement pour 6 mois 







score
0.5625
0.203125
0.113281
0.107422
0.00195314



le 07/07/15




Madame CHOLET Monique	         
 le :   28/07/52  



EN ALD


PROPANOLOL 40 mg 		
					1 cp matin - ½ cp le soir
				

EFFEXOR 75 LP 			1 cp le soir au coucher 

Le reste du traitement  est inchangé 




Traitement pour 6 mois 







score
0.5625
0.203125
0.113281
0.107422
0.00195314
{
  data: [
    {
      diag: 'M161 Autres coxarthroses primaires',
      scores: '56',
      checkModif: false
    }
  ],
  file: [ 'AISSANI_Malika_2015-07-07_Ordonnance_ttt_4210291.docx', null ],
  timer: 1487,
  Diags: [
    { diag: 'Diagnostic', scores: '0' },
    { diag: 'M161 Autres coxarthroses primaires', scores: '56' },
    { diag: "C541 Tumeur maligne de l'endomètre", scores: '20' },
    { diag: "D251 Léiomyome intramural de l'utérus", scores: '11' },
    { diag: 'M171 Autres gonarthroses primaires', scores: '10' },
    { diag: 'M751 Syndrome de la coiffe des rotateurs', scores: '0' }
  ]
}



le 07/07/15




Madame CHOLET Monique	         
 le :   28/07/52  



EN ALD


PROPANOLOL 40 mg 		
					1 cp matin - ½ cp le soir
				

EFFEXOR 75 LP 			1 cp le soir au coucher 

Le reste du traitement  est inchangé 




Traitement pour 6 mois 







User Field c_titre = c_titre User Field c_prenom = c_prenom User Field c_nom = c_nom
Hidden ParagraphUser Field c_serv = c_serv
Hidden ParagraphUser Field c_ad1 = c_ad1
Hidden ParagraphUser Field c_ad2 = c_ad2
User Field c_code = c_code User Field c_ville = c_ville


Dammarie, le 07/07/15



 Madame CHOLET Monique,  le 28/07/52. Elle me décrit des sensations vertigineuses, des chutes sans prodrome. 
Vous avez fait réaliser un scanner cérébral qui serait normal (images non vues). Ce jour, sa tension artérielle est de 12/8 avec une fréquence cardiaque à 70/mn. Les céphalées sont beaucoup moins présentes. Elle peut rester plusieurs jours sans céphalée.
Je propose donc de diminuer le PROPANOLOL 40  mg 1 cp matin, ½ cp le soir, tout en conservant pour le moment, EFFEXOR 75 mg le soir. 
Je reverrai Madame CHOLET dans six mois. 





Docteur AISSANI Malika
score
0.3125
0.107422
0.0820313
0.0546875
0.0429688
User Field c_titre = c_titre User Field c_prenom = c_prenom User Field c_nom = c_nom
Hidden ParagraphUser Field c_serv = c_serv
Hidden ParagraphUser Field c_ad1 = c_ad1
Hidden ParagraphUser Field c_ad2 = c_ad2
User Field c_code = c_code User Field c_ville = c_ville


Dammarie, le 07/07/15



 Madame CHOLET Monique,  le 28/07/52. Elle me décrit des sensations vertigineuses, des chutes sans prodrome. 
Vous avez fait réaliser un scanner cérébral qui serait normal (images non vues). Ce jour, sa tension artérielle est de 12/8 avec une fréquence cardiaque à 70/mn. Les céphalées sont beaucoup moins présentes. Elle peut rester plusieurs jours sans céphalée.
Je propose donc de diminuer le PROPANOLOL 40  mg 1 cp matin, ½ cp le soir, tout en conservant pour le moment, EFFEXOR 75 mg le soir. 
Je reverrai Madame CHOLET dans six mois. 





Docteur AISSANI Malika
score
0.625
0.0566406
0.0292969
0.0273438
0.0253906
[
  { diag: 'Diagnostic', scores: '0' },
  { diag: 'H259 Cataracte sénile, sans précision', scores: '62' },
  { diag: 'Z515 Soins palliatifs', scores: '5' },
  { diag: 'K296 Autres gastrites', scores: '2' },
  { diag: "N840 Polype du corps de l'utérus", scores: '2' },
  { diag: 'C509 Tumeur maligne du sein, sans précision', scores: '2' }
]



le 07/07/15




Madame CHOLET Monique	         
 le :   28/07/52  



EN ALD


PROPANOLOL 40 mg 		
					1 cp matin - ½ cp le soir
				

EFFEXOR 75 LP 			1 cp le soir au coucher 

Le reste du traitement  est inchangé 




Traitement pour 6 mois 







score
0.5625
0.203125
0.113281
0.107422
0.00195314
Diagnostic
User Field c_titre = c_titre User Field c_prenom = c_prenom User Field c_nom = c_nom
Hidden ParagraphUser Field c_serv = c_serv
Hidden ParagraphUser Field c_ad1 = c_ad1
Hidden ParagraphUser Field c_ad2 = c_ad2
User Field c_code = c_code User Field c_ville = c_ville


Dammarie, le 07/07/15



 Madame CHOLET Monique,  le 28/07/52. Elle me décrit des sensations vertigineuses, des chutes sans prodrome. 
Vous avez fait réaliser un scanner cérébral qui serait normal (images non vues). Ce jour, sa tension artérielle est de 12/8 avec une fréquence cardiaque à 70/mn. Les céphalées sont beaucoup moins présentes. Elle peut rester plusieurs jours sans céphalée.
Je propose donc de diminuer le PROPANOLOL 40  mg 1 cp matin, ½ cp le soir, tout en conservant pour le moment, EFFEXOR 75 mg le soir. 
Je reverrai Madame CHOLET dans six mois. 





Docteur AISSANI Malika
score
0.625
0.0566406
0.0292969
0.0273438
0.0253906



le 07/07/15




Madame CHOLET Monique	         
 le :   28/07/52  



EN ALD


PROPANOLOL 40 mg 		
					1 cp matin - ½ cp le soir
				

EFFEXOR 75 LP 			1 cp le soir au coucher 

Le reste du traitement  est inchangé 




Traitement pour 6 mois 







score
0.5625
0.203125
0.113281
0.107422
0.00195314

{
  data: [
    {
      diag: 'M161 Autres coxarthroses primaires',
      scores: '56',
      checkModif: false
    }
  ],
  file: [ 'AISSANI_Malika_2015-07-07_Ordonnance_ttt_4210291.docx', null ],
  timer: 1643,
  Diags: [
    { diag: 'Diagnostic', scores: '0' },
    { diag: 'M161 Autres coxarthroses primaires', scores: '56' },
    { diag: "C541 Tumeur maligne de l'endomètre", scores: '20' },
    { diag: "D251 Léiomyome intramural de l'utérus", scores: '11' },
    { diag: 'M171 Autres gonarthroses primaires', scores: '10' },
    { diag: 'M751 Syndrome de la coiffe des rotateurs', scores: '0' }
  ]
}
User Field c_titre = c_titre User Field c_prenom = c_prenom User Field c_nom = c_nom
Hidden ParagraphUser Field c_serv = c_serv
Hidden ParagraphUser Field c_ad1 = c_ad1
Hidden ParagraphUser Field c_ad2 = c_ad2
User Field c_code = c_code User Field c_ville = c_ville


Dammarie, le 07/07/15



 Madame CHOLET Monique,  le 28/07/52. Elle me décrit des sensations vertigineuses, des chutes sans prodrome. 
Vous avez fait réaliser un scanner cérébral qui serait normal (images non vues). Ce jour, sa tension artérielle est de 12/8 avec une fréquence cardiaque à 70/mn. Les céphalées sont beaucoup moins présentes. Elle peut rester plusieurs jours sans céphalée.
Je propose donc de diminuer le PROPANOLOL 40  mg 1 cp matin, ½ cp le soir, tout en conservant pour le moment, EFFEXOR 75 mg le soir. 
Je reverrai Madame CHOLET dans six mois. 





Docteur AISSANI Malika
score
0.625
0.0566406
0.0292969
0.0273438
0.0253906

{
  data: [
    {
      diag: 'H259 Cataracte sénile, sans précision',
      scores: '62',
      checkModif: false
    }
  ],
  file: [ 'AISSANI_Malika_2015-07-08_Lettre_mdecin_4212145.docx', null ],
  timer: 1707,
  Diags: [
    { diag: 'Diagnostic', scores: '0' },
    { diag: 'H259 Cataracte sénile, sans précision', scores: '62' },
    { diag: 'Z515 Soins palliatifs', scores: '5' },
    { diag: 'K296 Autres gastrites', scores: '2' },
    { diag: "N840 Polype du corps de l'utérus", scores: '2' },
    {
      diag: 'C509 Tumeur maligne du sein, sans précision',
      scores: '2'
    }
  ]
}
score
0.625
0.0566406
0.0292969
0.0273438
0.0253906

{
  data: [
    {
      diag: 'H259 Cataracte sénile, sans précision',
      scores: '62',
      checkModif: false
    }
  ],
  file: [ 'AISSANI_Malika_2015-07-08_Lettre_mdecin_4212145.docx', null ],
  timer: 1521,
  Diags: [
    { diag: 'Diagnostic', scores: '0' },
    { diag: 'H259 Cataracte sénile, sans précision', scores: '62' },
    { diag: 'Z515 Soins palliatifs', scores: '5' },
    { diag: 'K296 Autres gastrites', scores: '2' },
    { diag: "N840 Polype du corps de l'utérus", scores: '2' },
    {
      diag: 'C509 Tumeur maligne du sein, sans précision',
      scores: '2'
    }
  ]
}
score
0.5625
0.203125
0.113281
0.107422
0.00195314

score
0.5625
0.203125
0.113281
0.107422
0.00195314

score
0.5625
0.203125
0.113281
0.107422
0.00195314
score
0.5625
0.203125
0.113281
0.107422
0.00195314
score
0.625
0.0566406
0.0292969
0.0273438
0.0253906
score
0.625
0.0566406
0.0292969
0.0273438
0.0253906
score
0.625
0.0566406
0.0292969
0.0273438
0.0253906
score
0.625
0.0566406
0.0292969
0.0273438
0.0253906
score
0.625
0.0566406
0.0292969
0.0273438
0.0253906
score
0.625
0.0566406
0.0292969
0.0273438
0.0253906
sigfqgsdfgqdfg
score
0.5625
0.203125
0.113281
0.107422
0.00195314
sigfqgsdfgqdfg
score
0.625
0.0566406
0.0292969
0.0273438
0.0253906
[
  { diag: 'Diagnostic', scores: '0' },
  { diag: 'H259 Cataracte sénile, sans précision', scores: '62' },
  { diag: 'Z515 Soins palliatifs', scores: '5' },
  { diag: 'K296 Autres gastrites', scores: '2' },
  { diag: "N840 Polype du corps de l'utérus", scores: '2' },
  { diag: 'C509 Tumeur maligne du sein, sans précision', scores: '2' }
]
score
0.589844
0.347656
0.00781252
0.00585939
0.00585939
[
  { diag: 'Diagnostic', scores: '0' },
  {
    diag: 'K573 Diverticulose du côlon, (sans perforation ni abcès)',
    scores: '58'
  },
  {
    diag: 'K572 Diverticulose du côlon, avec perforation et abcès',
    scores: '34'
  },
  {
    diag: 'K353 Appendicite aigüe avec péritonite localisée',
    scores: '0'
  },
  {
    diag: "A090 Gastroentérites et colites d'origine infectieuse, autres et non précisées",
    scores: '0'
  },
  {
    diag: 'K352 Appendicite aigüe avec péritonite généralisée',
    scores: '0'
  }
]
score
0.589844
0.347656
0.00781252
0.00585939
0.00585939
{
  diag: 'K573 Diverticulose du côlon, (sans perforation ni abcès)',
  scores: '58'
}
score
0.589844
0.347656
0.00781252
0.00585939
0.00585939
score
0.589844
0.347656
0.00781252
0.00585939
0.00585939
coucou
score
0.589844
0.347656
0.00781252
0.00585939
0.00585939
{
  diag: 'K573 Diverticulose du côlon, (sans perforation ni abcès)',
  scores: '58'
}
score
0.589844
0.347656
0.00781252
0.00585939
0.00585939
{
  diag: 'K573 Diverticulose du côlon, (sans perforation ni abcès)',
  scores: '58'
}
score
0.589844
0.347656
0.00781252
0.00585939
0.00585939
{
  diag: 'K573 Diverticulose du côlon, (sans perforation ni abcès)',
  scores: '58'
}
score
0.589844
0.347656
0.00781252
0.00585939
0.00585939
{
  diag: 'K573 Diverticulose du côlon, (sans perforation ni abcès)',
  scores: '58'
}
score
0.589844
0.347656
0.00781252
0.00585939
0.00585939
{
  diag: 'K573 Diverticulose du côlon, (sans perforation ni abcès)',
  scores: '58'
}
{
  diag: 'K573 Diverticulose du côlon, (sans perforation ni abcès)',
  scores: '58'
}
{
  diag: 'K572 Diverticulose du côlon, avec perforation et abcès',
  scores: '34'
}
{
  diag: 'K572 Diverticulose du côlon, avec perforation et abcès',
  scores: '34'
}
{
  diag: 'K353 Appendicite aigüe avec péritonite localisée',
  scores: '0'
}
{
  diag: 'K353 Appendicite aigüe avec péritonite localisée',
  scores: '0'
}
{
  diag: "A090 Gastroentérites et colites d'origine infectieuse, autres et non précisées",
  scores: '0'
}
{
  diag: "A090 Gastroentérites et colites d'origine infectieuse, autres et non précisées",
  scores: '0'
}
{
  diag: 'K352 Appendicite aigüe avec péritonite généralisée',
  scores: '0'
}
{
  diag: 'K352 Appendicite aigüe avec péritonite généralisée',
  scores: '0'
}
undefined
score
0.589844
0.347656
0.00781252
0.00585939
0.00585939
{
  diag: 'K573 Diverticulose du côlon, (sans perforation ni abcès)',
  scores: '58'
}
{
  diag: 'K573 Diverticulose du côlon, (sans perforation ni abcès)',
  scores: '58'
}
{
  diag: 'K572 Diverticulose du côlon, avec perforation et abcès',
  scores: '34'
}
{
  diag: 'K572 Diverticulose du côlon, avec perforation et abcès',
  scores: '34'
}
{
  diag: 'K353 Appendicite aigüe avec péritonite localisée',
  scores: '0'
}
{
  diag: 'K353 Appendicite aigüe avec péritonite localisée',
  scores: '0'
}
{
  diag: "A090 Gastroentérites et colites d'origine infectieuse, autres et non précisées",
  scores: '0'
}
{
  diag: "A090 Gastroentérites et colites d'origine infectieuse, autres et non précisées",
  scores: '0'
}
{
  diag: 'K352 Appendicite aigüe avec péritonite généralisée',
  scores: '0'
}
{
  diag: 'K352 Appendicite aigüe avec péritonite généralisée',
  scores: '0'
}
undefined
score
0.589844
0.347656
0.00781252
0.00585939
0.00585939
score
0.589844
0.347656
0.00781252
0.00585939
0.00585939
score
0.523438
0.460938
0.00585939
0.00195314
1.95313e-08
score
0.589844
0.347656
0.00781252
0.00585939
0.00585939
score
0.589844
0.347656
0.00781252
0.00585939
0.00585939
score
0.589844
0.347656
0.00781252
0.00585939
0.00585939
K573 Diverticulose du côlon, (sans perforation ni abcès);58;
K573 Diverticulose du côlon, (sans perforation ni abcès);58;K572 Diverticulose du côlon, avec perforation et abcès;34;
K573 Diverticulose du côlon, (sans perforation ni abcès);58;K572 Diverticulose du côlon, avec perforation et abcès;34;K353 Appendicite aigüe avec péritonite localisée;0;
K573 Diverticulose du côlon, (sans perforation ni abcès);58;K572 Diverticulose du côlon, avec perforation et abcès;34;K353 Appendicite aigüe avec péritonite localisée;0;A090 Gastroentérites et colites d'origine infectieuse, autres et non précisées;0;
K573 Diverticulose du côlon, (sans perforation ni abcès);58;K572 Diverticulose du côlon, avec perforation et abcès;34;K353 Appendicite aigüe avec péritonite localisée;0;A090 Gastroentérites et colites d'origine infectieuse, autres et non précisées;0;K352 Appendicite aigüe avec péritonite généralisée;0;
K573 Diverticulose du côlon, (sans perforation ni abcès);58;K572 Diverticulose du côlon, avec perforation et abcès;34;K353 Appendicite aigüe avec péritonite localisée;0;A090 Gastroentérites et colites d'origine infectieuse, autres et non précisées;0;K352 Appendicite aigüe avec péritonite généralisée;0; ; ;
score
0.589844
0.347656
0.00781252
0.00585939
0.00585939
K573 Diverticulose du côlon, (sans perforation ni abcès);58;K572 Diverticulose du côlon, avec perforation et abcès;34;K353 Appendicite aigüe avec péritonite localisée;0;A090 Gastroentérites et colites d'origine infectieuse, autres et non précisées;0;K352 Appendicite aigüe avec péritonite généralisée;0; ; ;
score
0.589844
0.347656
0.00781252
0.00585939
0.00585939
K573 Diverticulose du côlon, (sans perforation ni abcès);58;K572 Diverticulose du côlon, avec perforation et abcès;34;K353 Appendicite aigüe avec péritonite localisée;0;A090 Gastroentérites et colites d'origine infectieuse, autres et non précisées;0;K352 Appendicite aigüe avec péritonite généralisée;0;;;
score
0.589844
0.347656
0.00781252
0.00585939
0.00585939
K573 Diverticulose du côlon, (sans perforation ni abcès);58;K572 Diverticulose du côlon, avec perforation et abcès;34;K353 Appendicite aigüe avec péritonite localisée;0;A090 Gastroentérites et colites d'origine infectieuse, autres et non précisées;0;K352 Appendicite aigüe avec péritonite généralisée;0;;;
score
0.589844
0.347656
0.00781252
0.00585939
0.00585939
K573 Diverticulose du côlon, (sans perforation ni abcès);58;K572 Diverticulose du côlon, avec perforation et abcès;34;K353 Appendicite aigüe avec péritonite localisée;0;A090 Gastroentérites et colites d'origine infectieuse, autres et non précisées;0;K352 Appendicite aigüe avec péritonite généralisée;0;;;
score
0.742188
0.255859
1.95313e-08
1.95313e-08
1.95313e-08
score
0.859375
0.0371094
0.0175781
0.0136719
0.00976564
score
0.605469
0.203125
0.109375
0.0371094
0.03125
score
0.859375
0.0371094
0.0175781
0.0136719
0.00976564
IncomingMessage {
  _readableState: ReadableState {
    objectMode: false,
    highWaterMark: 16384,
    buffer: BufferList { head: null, tail: null, length: 0 },
    length: 0,
    pipes: Busboy {
      _writableState: [WritableState],
      writable: true,
      _events: [Object: null prototype],
      _eventsCount: 9,
      _maxListeners: undefined,
      _done: false,
      _parser: [Multipart],
      _finished: false,
      opts: [Object]
    },
    pipesCount: 1,
    flowing: true,
    ended: false,
    endEmitted: false,
    reading: true,
    sync: false,
    needReadable: true,
    emittedReadable: false,
    readableListening: false,
    resumeScheduled: false,
    paused: false,
    emitClose: true,
    autoDestroy: false,
    destroyed: false,
    defaultEncoding: 'utf8',
    awaitDrain: 0,
    readingMore: false,
    decoder: null,
    encoding: null
  },
  readable: true,
  _events: [Object: null prototype] {
    end: [ [Function: resetHeadersTimeoutOnReqEnd], [Function] ],
    data: [Function: ondata]
  },
  _eventsCount: 2,
  _maxListeners: undefined,
  socket: Socket {
    connecting: false,
    _hadError: false,
    _parent: null,
    _host: null,
    _readableState: ReadableState {
      objectMode: false,
      highWaterMark: 16384,
      buffer: BufferList { head: null, tail: null, length: 0 },
      length: 0,
      pipes: null,
      pipesCount: 0,
      flowing: true,
      ended: false,
      endEmitted: false,
      reading: true,
      sync: false,
      needReadable: true,
      emittedReadable: false,
      readableListening: false,
      resumeScheduled: false,
      paused: false,
      emitClose: false,
      autoDestroy: false,
      destroyed: false,
      defaultEncoding: 'utf8',
      awaitDrain: 0,
      readingMore: false,
      decoder: null,
      encoding: null
    },
    readable: true,
    _events: [Object: null prototype] {
      end: [Array],
      timeout: [Function: socketOnTimeout],
      data: [Function: bound socketOnData],
      error: [Array],
      close: [Array],
      drain: [Function: bound socketOnDrain],
      resume: [Function: onSocketResume],
      pause: [Function: onSocketPause]
    },
    _eventsCount: 8,
    _maxListeners: undefined,
    _writableState: WritableState {
      objectMode: false,
      highWaterMark: 16384,
      finalCalled: false,
      needDrain: false,
      ending: false,
      ended: false,
      finished: false,
      destroyed: false,
      decodeStrings: false,
      defaultEncoding: 'utf8',
      length: 0,
      writing: false,
      corked: 0,
      sync: true,
      bufferProcessing: false,
      onwrite: [Function: bound onwrite],
      writecb: null,
      writelen: 0,
      bufferedRequest: null,
      lastBufferedRequest: null,
      pendingcb: 0,
      prefinished: false,
      errorEmitted: false,
      emitClose: false,
      autoDestroy: false,
      bufferedRequestCount: 0,
      corkedRequestsFree: [Object]
    },
    writable: true,
    allowHalfOpen: true,
    _sockname: null,
    _pendingData: null,
    _pendingEncoding: '',
    server: Server {
      _events: [Object: null prototype],
      _eventsCount: 4,
      _maxListeners: undefined,
      _connections: 1,
      _handle: [TCP],
      _usingWorkers: false,
      _workers: [],
      _unref: false,
      allowHalfOpen: true,
      pauseOnConnect: false,
      httpAllowHalfOpen: false,
      timeout: 120000,
      keepAliveTimeout: 5000,
      maxHeadersCount: null,
      headersTimeout: 40000,
      _connectionKey: '6::::3001',
      [Symbol(IncomingMessage)]: [Function: IncomingMessage],
      [Symbol(ServerResponse)]: [Function: ServerResponse],
      [Symbol(asyncId)]: 7
    },
    _server: Server {
      _events: [Object: null prototype],
      _eventsCount: 4,
      _maxListeners: undefined,
      _connections: 1,
      _handle: [TCP],
      _usingWorkers: false,
      _workers: [],
      _unref: false,
      allowHalfOpen: true,
      pauseOnConnect: false,
      httpAllowHalfOpen: false,
      timeout: 120000,
      keepAliveTimeout: 5000,
      maxHeadersCount: null,
      headersTimeout: 40000,
      _connectionKey: '6::::3001',
      [Symbol(IncomingMessage)]: [Function: IncomingMessage],
      [Symbol(ServerResponse)]: [Function: ServerResponse],
      [Symbol(asyncId)]: 7
    },
    timeout: 120000,
    parser: HTTPParser {
      '0': [Function: parserOnHeaders],
      '1': [Function: parserOnHeadersComplete],
      '2': [Function: parserOnBody],
      '3': [Function: parserOnMessageComplete],
      '4': [Function: bound onParserExecute],
      _headers: [],
      _url: '',
      socket: [Circular],
      incoming: [Circular],
      outgoing: null,
      maxHeaderPairs: 2000,
      _consumed: true,
      onIncoming: [Function: bound parserOnIncoming],
      parsingHeadersStart: 0
    },
    on: [Function: socketListenerWrap],
    addListener: [Function: socketListenerWrap],
    prependListener: [Function: socketListenerWrap],
    _paused: false,
    _httpMessage: ServerResponse {
      _events: [Object: null prototype],
      _eventsCount: 2,
      _maxListeners: undefined,
      outputData: [],
      outputSize: 0,
      writable: true,
      _last: false,
      chunkedEncoding: false,
      shouldKeepAlive: true,
      useChunkedEncodingByDefault: true,
      sendDate: true,
      _removedConnection: false,
      _removedContLen: false,
      _removedTE: false,
      _contentLength: null,
      _hasBody: true,
      _trailer: '',
      finished: false,
      _headerSent: false,
      socket: [Circular],
      connection: [Circular],
      _header: null,
      _onPendingData: [Function: bound updateOutgoingData],
      _sent100: false,
      _expect_continue: false,
      req: [Circular],
      locals: [Object: null prototype] {},
      _startAt: undefined,
      _startTime: undefined,
      writeHead: [Function: writeHead],
      __onFinished: [Function],
      [Symbol(kNeedDrain)]: false,
      [Symbol(isCorked)]: false,
      [Symbol(kOutHeaders)]: [Object: null prototype]
    },
    _peername: { address: '::1', family: 'IPv6', port: 64141 },
    [Symbol(asyncId)]: 9,
    [Symbol(kHandle)]: TCP {
      reading: true,
      onconnection: null,
      _consumed: true,
      [Symbol(owner)]: [Circular]
    },
    [Symbol(lastWriteQueueSize)]: 0,
    [Symbol(timeout)]: Timeout {
      _idleTimeout: 120000,
      _idlePrev: [TimersList],
      _idleNext: [TimersList],
      _idleStart: 19062,
      _onTimeout: [Function: bound ],
      _timerArgs: undefined,
      _repeat: null,
      _destroyed: false,
      [Symbol(refed)]: false,
      [Symbol(asyncId)]: 10,
      [Symbol(triggerId)]: 9
    },
    [Symbol(kBytesRead)]: 0,
    [Symbol(kBytesWritten)]: 0
  },
  connection: Socket {
    connecting: false,
    _hadError: false,
    _parent: null,
    _host: null,
    _readableState: ReadableState {
      objectMode: false,
      highWaterMark: 16384,
      buffer: BufferList { head: null, tail: null, length: 0 },
      length: 0,
      pipes: null,
      pipesCount: 0,
      flowing: true,
      ended: false,
      endEmitted: false,
      reading: true,
      sync: false,
      needReadable: true,
      emittedReadable: false,
      readableListening: false,
      resumeScheduled: false,
      paused: false,
      emitClose: false,
      autoDestroy: false,
      destroyed: false,
      defaultEncoding: 'utf8',
      awaitDrain: 0,
      readingMore: false,
      decoder: null,
      encoding: null
    },
    readable: true,
    _events: [Object: null prototype] {
      end: [Array],
      timeout: [Function: socketOnTimeout],
      data: [Function: bound socketOnData],
      error: [Array],
      close: [Array],
      drain: [Function: bound socketOnDrain],
      resume: [Function: onSocketResume],
      pause: [Function: onSocketPause]
    },
    _eventsCount: 8,
    _maxListeners: undefined,
    _writableState: WritableState {
      objectMode: false,
      highWaterMark: 16384,
      finalCalled: false,
      needDrain: false,
      ending: false,
      ended: false,
      finished: false,
      destroyed: false,
      decodeStrings: false,
      defaultEncoding: 'utf8',
      length: 0,
      writing: false,
      corked: 0,
      sync: true,
      bufferProcessing: false,
      onwrite: [Function: bound onwrite],
      writecb: null,
      writelen: 0,
      bufferedRequest: null,
      lastBufferedRequest: null,
      pendingcb: 0,
      prefinished: false,
      errorEmitted: false,
      emitClose: false,
      autoDestroy: false,
      bufferedRequestCount: 0,
      corkedRequestsFree: [Object]
    },
    writable: true,
    allowHalfOpen: true,
    _sockname: null,
    _pendingData: null,
    _pendingEncoding: '',
    server: Server {
      _events: [Object: null prototype],
      _eventsCount: 4,
      _maxListeners: undefined,
      _connections: 1,
      _handle: [TCP],
      _usingWorkers: false,
      _workers: [],
      _unref: false,
      allowHalfOpen: true,
      pauseOnConnect: false,
      httpAllowHalfOpen: false,
      timeout: 120000,
      keepAliveTimeout: 5000,
      maxHeadersCount: null,
      headersTimeout: 40000,
      _connectionKey: '6::::3001',
      [Symbol(IncomingMessage)]: [Function: IncomingMessage],
      [Symbol(ServerResponse)]: [Function: ServerResponse],
      [Symbol(asyncId)]: 7
    },
    _server: Server {
      _events: [Object: null prototype],
      _eventsCount: 4,
      _maxListeners: undefined,
      _connections: 1,
      _handle: [TCP],
      _usingWorkers: false,
      _workers: [],
      _unref: false,
      allowHalfOpen: true,
      pauseOnConnect: false,
      httpAllowHalfOpen: false,
      timeout: 120000,
      keepAliveTimeout: 5000,
      maxHeadersCount: null,
      headersTimeout: 40000,
      _connectionKey: '6::::3001',
      [Symbol(IncomingMessage)]: [Function: IncomingMessage],
      [Symbol(ServerResponse)]: [Function: ServerResponse],
      [Symbol(asyncId)]: 7
    },
    timeout: 120000,
    parser: HTTPParser {
      '0': [Function: parserOnHeaders],
      '1': [Function: parserOnHeadersComplete],
      '2': [Function: parserOnBody],
      '3': [Function: parserOnMessageComplete],
      '4': [Function: bound onParserExecute],
      _headers: [],
      _url: '',
      socket: [Circular],
      incoming: [Circular],
      outgoing: null,
      maxHeaderPairs: 2000,
      _consumed: true,
      onIncoming: [Function: bound parserOnIncoming],
      parsingHeadersStart: 0
    },
    on: [Function: socketListenerWrap],
    addListener: [Function: socketListenerWrap],
    prependListener: [Function: socketListenerWrap],
    _paused: false,
    _httpMessage: ServerResponse {
      _events: [Object: null prototype],
      _eventsCount: 2,
      _maxListeners: undefined,
      outputData: [],
      outputSize: 0,
      writable: true,
      _last: false,
      chunkedEncoding: false,
      shouldKeepAlive: true,
      useChunkedEncodingByDefault: true,
      sendDate: true,
      _removedConnection: false,
      _removedContLen: false,
      _removedTE: false,
      _contentLength: null,
      _hasBody: true,
      _trailer: '',
      finished: false,
      _headerSent: false,
      socket: [Circular],
      connection: [Circular],
      _header: null,
      _onPendingData: [Function: bound updateOutgoingData],
      _sent100: false,
      _expect_continue: false,
      req: [Circular],
      locals: [Object: null prototype] {},
      _startAt: undefined,
      _startTime: undefined,
      writeHead: [Function: writeHead],
      __onFinished: [Function],
      [Symbol(kNeedDrain)]: false,
      [Symbol(isCorked)]: false,
      [Symbol(kOutHeaders)]: [Object: null prototype]
    },
    _peername: { address: '::1', family: 'IPv6', port: 64141 },
    [Symbol(asyncId)]: 9,
    [Symbol(kHandle)]: TCP {
      reading: true,
      onconnection: null,
      _consumed: true,
      [Symbol(owner)]: [Circular]
    },
    [Symbol(lastWriteQueueSize)]: 0,
    [Symbol(timeout)]: Timeout {
      _idleTimeout: 120000,
      _idlePrev: [TimersList],
      _idleNext: [TimersList],
      _idleStart: 19062,
      _onTimeout: [Function: bound ],
      _timerArgs: undefined,
      _repeat: null,
      _destroyed: false,
      [Symbol(refed)]: false,
      [Symbol(asyncId)]: 10,
      [Symbol(triggerId)]: 9
    },
    [Symbol(kBytesRead)]: 0,
    [Symbol(kBytesWritten)]: 0
  },
  httpVersionMajor: 1,
  httpVersionMinor: 1,
  httpVersion: '1.1',
  complete: false,
  headers: {
    host: 'localhost:3001',
    connection: 'keep-alive',
    'content-length': '193',
    accept: 'application/json, text/plain, */*',
    'sec-fetch-dest': 'empty',
    'user-agent': 'Mozilla/5.0 (Macintosh; Intel Mac OS X 10_15_3) AppleWebKit/537.36 (KHTML, like Gecko) Chrome/80.0.3987.87 Safari/537.36',
    dnt: '1',
    'content-type': 'multipart/form-data; boundary=----WebKitFormBoundaryMOTBJmQs1uemo1g2',
    origin: 'http://localhost:3000',
    'sec-fetch-site': 'same-site',
    'sec-fetch-mode': 'cors',
    referer: 'http://localhost:3000/',
    'accept-encoding': 'gzip, deflate, br',
    'accept-language': 'fr-FR,fr;q=0.9,en-US;q=0.8,en;q=0.7'
  },
  rawHeaders: [
    'Host',
    'localhost:3001',
    'Connection',
    'keep-alive',
    'Content-Length',
    '193',
    'Accept',
    'application/json, text/plain, */*',
    'Sec-Fetch-Dest',
    'empty',
    'User-Agent',
    'Mozilla/5.0 (Macintosh; Intel Mac OS X 10_15_3) AppleWebKit/537.36 (KHTML, like Gecko) Chrome/80.0.3987.87 Safari/537.36',
    'DNT',
    '1',
    'Content-Type',
    'multipart/form-data; boundary=----WebKitFormBoundaryMOTBJmQs1uemo1g2',
    'Origin',
    'http://localhost:3000',
    'Sec-Fetch-Site',
    'same-site',
    'Sec-Fetch-Mode',
    'cors',
    'Referer',
    'http://localhost:3000/',
    'Accept-Encoding',
    'gzip, deflate, br',
    'Accept-Language',
    'fr-FR,fr;q=0.9,en-US;q=0.8,en;q=0.7'
  ],
  trailers: {},
  rawTrailers: [],
  aborted: false,
  upgrade: false,
  url: '/upload',
  method: 'POST',
  statusCode: null,
  statusMessage: null,
  client: Socket {
    connecting: false,
    _hadError: false,
    _parent: null,
    _host: null,
    _readableState: ReadableState {
      objectMode: false,
      highWaterMark: 16384,
      buffer: BufferList { head: null, tail: null, length: 0 },
      length: 0,
      pipes: null,
      pipesCount: 0,
      flowing: true,
      ended: false,
      endEmitted: false,
      reading: true,
      sync: false,
      needReadable: true,
      emittedReadable: false,
      readableListening: false,
      resumeScheduled: false,
      paused: false,
      emitClose: false,
      autoDestroy: false,
      destroyed: false,
      defaultEncoding: 'utf8',
      awaitDrain: 0,
      readingMore: false,
      decoder: null,
      encoding: null
    },
    readable: true,
    _events: [Object: null prototype] {
      end: [Array],
      timeout: [Function: socketOnTimeout],
      data: [Function: bound socketOnData],
      error: [Array],
      close: [Array],
      drain: [Function: bound socketOnDrain],
      resume: [Function: onSocketResume],
      pause: [Function: onSocketPause]
    },
    _eventsCount: 8,
    _maxListeners: undefined,
    _writableState: WritableState {
      objectMode: false,
      highWaterMark: 16384,
      finalCalled: false,
      needDrain: false,
      ending: false,
      ended: false,
      finished: false,
      destroyed: false,
      decodeStrings: false,
      defaultEncoding: 'utf8',
      length: 0,
      writing: false,
      corked: 0,
      sync: true,
      bufferProcessing: false,
      onwrite: [Function: bound onwrite],
      writecb: null,
      writelen: 0,
      bufferedRequest: null,
      lastBufferedRequest: null,
      pendingcb: 0,
      prefinished: false,
      errorEmitted: false,
      emitClose: false,
      autoDestroy: false,
      bufferedRequestCount: 0,
      corkedRequestsFree: [Object]
    },
    writable: true,
    allowHalfOpen: true,
    _sockname: null,
    _pendingData: null,
    _pendingEncoding: '',
    server: Server {
      _events: [Object: null prototype],
      _eventsCount: 4,
      _maxListeners: undefined,
      _connections: 1,
      _handle: [TCP],
      _usingWorkers: false,
      _workers: [],
      _unref: false,
      allowHalfOpen: true,
      pauseOnConnect: false,
      httpAllowHalfOpen: false,
      timeout: 120000,
      keepAliveTimeout: 5000,
      maxHeadersCount: null,
      headersTimeout: 40000,
      _connectionKey: '6::::3001',
      [Symbol(IncomingMessage)]: [Function: IncomingMessage],
      [Symbol(ServerResponse)]: [Function: ServerResponse],
      [Symbol(asyncId)]: 7
    },
    _server: Server {
      _events: [Object: null prototype],
      _eventsCount: 4,
      _maxListeners: undefined,
      _connections: 1,
      _handle: [TCP],
      _usingWorkers: false,
      _workers: [],
      _unref: false,
      allowHalfOpen: true,
      pauseOnConnect: false,
      httpAllowHalfOpen: false,
      timeout: 120000,
      keepAliveTimeout: 5000,
      maxHeadersCount: null,
      headersTimeout: 40000,
      _connectionKey: '6::::3001',
      [Symbol(IncomingMessage)]: [Function: IncomingMessage],
      [Symbol(ServerResponse)]: [Function: ServerResponse],
      [Symbol(asyncId)]: 7
    },
    timeout: 120000,
    parser: HTTPParser {
      '0': [Function: parserOnHeaders],
      '1': [Function: parserOnHeadersComplete],
      '2': [Function: parserOnBody],
      '3': [Function: parserOnMessageComplete],
      '4': [Function: bound onParserExecute],
      _headers: [],
      _url: '',
      socket: [Circular],
      incoming: [Circular],
      outgoing: null,
      maxHeaderPairs: 2000,
      _consumed: true,
      onIncoming: [Function: bound parserOnIncoming],
      parsingHeadersStart: 0
    },
    on: [Function: socketListenerWrap],
    addListener: [Function: socketListenerWrap],
    prependListener: [Function: socketListenerWrap],
    _paused: false,
    _httpMessage: ServerResponse {
      _events: [Object: null prototype],
      _eventsCount: 2,
      _maxListeners: undefined,
      outputData: [],
      outputSize: 0,
      writable: true,
      _last: false,
      chunkedEncoding: false,
      shouldKeepAlive: true,
      useChunkedEncodingByDefault: true,
      sendDate: true,
      _removedConnection: false,
      _removedContLen: false,
      _removedTE: false,
      _contentLength: null,
      _hasBody: true,
      _trailer: '',
      finished: false,
      _headerSent: false,
      socket: [Circular],
      connection: [Circular],
      _header: null,
      _onPendingData: [Function: bound updateOutgoingData],
      _sent100: false,
      _expect_continue: false,
      req: [Circular],
      locals: [Object: null prototype] {},
      _startAt: undefined,
      _startTime: undefined,
      writeHead: [Function: writeHead],
      __onFinished: [Function],
      [Symbol(kNeedDrain)]: false,
      [Symbol(isCorked)]: false,
      [Symbol(kOutHeaders)]: [Object: null prototype]
    },
    _peername: { address: '::1', family: 'IPv6', port: 64141 },
    [Symbol(asyncId)]: 9,
    [Symbol(kHandle)]: TCP {
      reading: true,
      onconnection: null,
      _consumed: true,
      [Symbol(owner)]: [Circular]
    },
    [Symbol(lastWriteQueueSize)]: 0,
    [Symbol(timeout)]: Timeout {
      _idleTimeout: 120000,
      _idlePrev: [TimersList],
      _idleNext: [TimersList],
      _idleStart: 19062,
      _onTimeout: [Function: bound ],
      _timerArgs: undefined,
      _repeat: null,
      _destroyed: false,
      [Symbol(refed)]: false,
      [Symbol(asyncId)]: 10,
      [Symbol(triggerId)]: 9
    },
    [Symbol(kBytesRead)]: 0,
    [Symbol(kBytesWritten)]: 0
  },
  _consuming: true,
  _dumped: false,
  next: [Function: next],
  baseUrl: '',
  originalUrl: '/upload',
  _parsedUrl: Url {
    protocol: null,
    slashes: null,
    auth: null,
    host: null,
    port: null,
    hostname: null,
    hash: null,
    search: null,
    query: null,
    pathname: '/upload',
    path: '/upload',
    href: '/upload',
    _raw: '/upload'
  },
  params: {},
  query: {},
  res: ServerResponse {
    _events: [Object: null prototype] {
      finish: [Array],
      end: [Function: onevent]
    },
    _eventsCount: 2,
    _maxListeners: undefined,
    outputData: [],
    outputSize: 0,
    writable: true,
    _last: false,
    chunkedEncoding: false,
    shouldKeepAlive: true,
    useChunkedEncodingByDefault: true,
    sendDate: true,
    _removedConnection: false,
    _removedContLen: false,
    _removedTE: false,
    _contentLength: null,
    _hasBody: true,
    _trailer: '',
    finished: false,
    _headerSent: false,
    socket: Socket {
      connecting: false,
      _hadError: false,
      _parent: null,
      _host: null,
      _readableState: [ReadableState],
      readable: true,
      _events: [Object: null prototype],
      _eventsCount: 8,
      _maxListeners: undefined,
      _writableState: [WritableState],
      writable: true,
      allowHalfOpen: true,
      _sockname: null,
      _pendingData: null,
      _pendingEncoding: '',
      server: [Server],
      _server: [Server],
      timeout: 120000,
      parser: [HTTPParser],
      on: [Function: socketListenerWrap],
      addListener: [Function: socketListenerWrap],
      prependListener: [Function: socketListenerWrap],
      _paused: false,
      _httpMessage: [Circular],
      _peername: [Object],
      [Symbol(asyncId)]: 9,
      [Symbol(kHandle)]: [TCP],
      [Symbol(lastWriteQueueSize)]: 0,
      [Symbol(timeout)]: Timeout {
        _idleTimeout: 120000,
        _idlePrev: [TimersList],
        _idleNext: [TimersList],
        _idleStart: 19062,
        _onTimeout: [Function: bound ],
        _timerArgs: undefined,
        _repeat: null,
        _destroyed: false,
        [Symbol(refed)]: false,
        [Symbol(asyncId)]: 10,
        [Symbol(triggerId)]: 9
      },
      [Symbol(kBytesRead)]: 0,
      [Symbol(kBytesWritten)]: 0
    },
    connection: Socket {
      connecting: false,
      _hadError: false,
      _parent: null,
      _host: null,
      _readableState: [ReadableState],
      readable: true,
      _events: [Object: null prototype],
      _eventsCount: 8,
      _maxListeners: undefined,
      _writableState: [WritableState],
      writable: true,
      allowHalfOpen: true,
      _sockname: null,
      _pendingData: null,
      _pendingEncoding: '',
      server: [Server],
      _server: [Server],
      timeout: 120000,
      parser: [HTTPParser],
      on: [Function: socketListenerWrap],
      addListener: [Function: socketListenerWrap],
      prependListener: [Function: socketListenerWrap],
      _paused: false,
      _httpMessage: [Circular],
      _peername: [Object],
      [Symbol(asyncId)]: 9,
      [Symbol(kHandle)]: [TCP],
      [Symbol(lastWriteQueueSize)]: 0,
      [Symbol(timeout)]: Timeout {
        _idleTimeout: 120000,
        _idlePrev: [TimersList],
        _idleNext: [TimersList],
        _idleStart: 19062,
        _onTimeout: [Function: bound ],
        _timerArgs: undefined,
        _repeat: null,
        _destroyed: false,
        [Symbol(refed)]: false,
        [Symbol(asyncId)]: 10,
        [Symbol(triggerId)]: 9
      },
      [Symbol(kBytesRead)]: 0,
      [Symbol(kBytesWritten)]: 0
    },
    _header: null,
    _onPendingData: [Function: bound updateOutgoingData],
    _sent100: false,
    _expect_continue: false,
    req: [Circular],
    locals: [Object: null prototype] {},
    _startAt: undefined,
    _startTime: undefined,
    writeHead: [Function: writeHead],
    __onFinished: [Function: listener] { queue: [Array] },
    [Symbol(kNeedDrain)]: false,
    [Symbol(isCorked)]: false,
    [Symbol(kOutHeaders)]: [Object: null prototype] {
      'x-powered-by': [Array],
      'access-control-allow-origin': [Array]
    }
  },
  _startAt: [ 72666, 436325363 ],
  _startTime: 2020-02-12T14:06:40.541Z,
  _remoteAddress: '::1',
  body: [Object: null prototype] {},
  secret: undefined,
  cookies: [Object: null prototype] {},
  signedCookies: [Object: null prototype] {},
  route: Route {
    path: '/upload',
    stack: [ [Layer], [Layer] ],
    methods: { post: true }
  },
  files: [ { fieldname: 'file' } ]
}
score
0.0
score
0.859375
0.0371094
0.0175781
0.0136719
0.00976564
score
0.787109
0.210938
1.95313e-08
1.95313e-08
1.95313e-08
score
0.787109
0.210938
1.95313e-08
1.95313e-08
1.95313e-08
score
0.787109
0.210938
1.95313e-08
1.95313e-08
1.95313e-08
score
0.447266
0.429688
0.0820313
0.0195313
0.00585939
score
0.787109
0.210938
1.95313e-08
1.95313e-08
1.95313e-08
score
0.447266
0.429688
0.0820313
0.0195313
0.00585939
score
0.787109
0.210938
1.95313e-08
1.95313e-08
1.95313e-08
score
0.787109
0.210938
1.95313e-08
1.95313e-08
1.95313e-08
score
0.447266
0.429688
0.0820313
0.0195313
0.00585939
score
0.787109
0.210938
1.95313e-08
1.95313e-08
1.95313e-08
score
0.787109
0.210938
1.95313e-08
1.95313e-08
1.95313e-08
score
0.900391
0.0585938
0.0292969
0.00195314
1.95313e-08
score
0.447266
0.429688
0.0820313
0.0195313
0.00585939
score
0.787109
0.210938
1.95313e-08
1.95313e-08
1.95313e-08
score
0.447266
0.429688
0.0820313
0.0195313
0.00585939
{ mail: 'illshaad.budureea@dgmail.fr' }
score
0.787109
0.210938
1.95313e-08
1.95313e-08
1.95313e-08
illshaad.budureea@dgmail.fr
score
0.787109
0.210938
1.95313e-08
1.95313e-08
1.95313e-08
illshaad.budureea@dgmail.fr
illshaad.budureea@dgmail.fr
illshaad.budureea@dgmail.fr
illshaad.budureea@dgmail.fr
illshaad.budureea@dgmail.fr
illshaad.budureea@dgmail.fr
illshaad.budureea@dgmail.fr
illshaad.budureea@dgmail.fr
illshaad.budureea@dgmail.fr
illshaad.budureea@dgmail.fr
illshaad.budureea@dgmail.fr
illshaad.budureea@dgmail.fr
illshaad.budureea@dgmail.fr
illshaad.budureea@dgmail.fr
illshaad.budureea@dgmail.fr
illshaad.budureea@dgmail.fr
illshaad.budureea@dgmail.fr
illshaad.budureea@dgmail.fr
illshaad.budureea@dgmail.fr
illshaad.budureea@dgmail.fr
illshaad.budureea@dgmail.fr
illshaad.budureea@dgmail.fr
illshaad.budureea@dgmail.fr
illshaad.budureea@dgmail.fr
illshaad.budureea@dgmail.fr
illshaad.budureea@dgmail.fr
illshaad.budureea@dgmail.fr
illshaad.budureea@dgmail.fr
illshaad.budureea@dgmail.fr
